[debug] [2020-03-16T09:04:47.034Z] ----------------------------------------------------------------------
[debug] [2020-03-16T09:04:47.035Z] Command:       /usr/local/bin/node /usr/local/bin/firebase deploy
[debug] [2020-03-16T09:04:47.035Z] CLI Version:   7.14.0
[debug] [2020-03-16T09:04:47.035Z] Platform:      darwin
[debug] [2020-03-16T09:04:47.035Z] Node Version:  v12.12.0
[debug] [2020-03-16T09:04:47.036Z] Time:          Mon Mar 16 2020 10:04:47 GMT+0100 (Central European Standard Time)
[debug] [2020-03-16T09:04:47.036Z] ----------------------------------------------------------------------
[debug] [2020-03-16T09:04:47.036Z] 
[debug] [2020-03-16T09:04:47.044Z] > command requires scopes: ["email","openid","https://www.googleapis.com/auth/cloudplatformprojects.readonly","https://www.googleapis.com/auth/firebase","https://www.googleapis.com/auth/cloud-platform"]
[debug] [2020-03-16T09:04:47.044Z] > authorizing via signed-in user
[debug] [2020-03-16T09:04:47.044Z] [iam] checking project hairdresser-salon-1d12f for permissions ["cloudfunctions.functions.create","cloudfunctions.functions.delete","cloudfunctions.functions.get","cloudfunctions.functions.list","cloudfunctions.functions.update","cloudfunctions.operations.get","firebase.projects.get"]
[debug] [2020-03-16T09:04:47.046Z] > refreshing access token with scopes: ["email","https://www.googleapis.com/auth/cloud-platform","https://www.googleapis.com/auth/cloudplatformprojects.readonly","https://www.googleapis.com/auth/firebase","openid"]
[debug] [2020-03-16T09:04:47.046Z] >>> HTTP REQUEST POST https://www.googleapis.com/oauth2/v3/token  
 <request body omitted>
[debug] [2020-03-16T09:04:47.413Z] <<< HTTP RESPONSE 200
[debug] [2020-03-16T09:04:47.425Z] >>> HTTP REQUEST POST https://cloudresourcemanager.googleapis.com/v1/projects/hairdresser-salon-1d12f:testIamPermissions  

[debug] [2020-03-16T09:04:48.693Z] <<< HTTP RESPONSE 200
[info] 
[info] === Deploying to 'hairdresser-salon-1d12f'...
[info] 
[info] i  deploying functions
[info] Running command: npm --prefix "$RESOURCE_DIR" run lint
[info] Running command: npm --prefix "$RESOURCE_DIR" run build
[info] ✔  functions: Finished running predeploy script.
[debug] [2020-03-16T09:05:02.464Z] > [functions] package.json contents: {
  "name": "functions",
  "scripts": {
    "lint": "tslint --project tsconfig.json",
    "build": "tsc",
    "build-watch": "tsc -w",
    "serve": "npm run build-watch || firebase emulators:start --only functions",
    "shell": "npm run build-watch && firebase functions:shell",
    "start": "npm run shell",
    "deploy": "firebase deploy --only functions",
    "logs": "firebase functions:log",
    "test": "jest --coverage",
    "test:watch": "jest --coverage --watchAll",
    "prettier": "prettier --check \"**/*.ts\""
  },
  "engines": {
    "node": "8"
  },
  "main": "lib/index.js",
  "dependencies": {
    "firebase-admin": "^8.6.0",
    "firebase-functions": "^3.3.0",
    "jest-createspyobj": "^1.2.2",
    "jest-mock-extended": "^1.0.8",
    "moq.ts": "^5.0.5"
  },
  "devDependencies": {
    "@types/jest": "^25.1.4",
    "@types/node": "^13.9.0",
    "jest": "^25.1.0",
    "ts-jest": "^25.2.1",
    "tslint": "^5.12.0",
    "typescript": "^3.8.3"
  },
  "private": true,
  "jest": {
    "transform": {
      ".(ts|tsx)": "<rootDir>/node_modules/ts-jest/preprocessor.js"
    },
    "testRegex": "(/__tests__/.*|\\.(test|spec))\\.(ts|tsx|js)$",
    "moduleFileExtensions": [
      "ts",
      "tsx",
      "js"
    ]
  }
}
[info] i  functions: ensuring necessary APIs are enabled...
[debug] [2020-03-16T09:05:02.465Z] >>> HTTP REQUEST GET https://serviceusage.googleapis.com/v1/projects/hairdresser-salon-1d12f/services/cloudfunctions.googleapis.com  
 
[debug] [2020-03-16T09:05:02.466Z] >>> HTTP REQUEST GET https://serviceusage.googleapis.com/v1/projects/hairdresser-salon-1d12f/services/runtimeconfig.googleapis.com  
 
